D:/Proyectos/nVenn2/gh/topol.h:2338: warning: Found unknown command '@addLines'
D:/Proyectos/nVenn2/gh/topol.h:355: warning: Found unknown command '@group'
D:/Proyectos/nVenn2/gh/topol.h:442: warning: Found unknown command '@p0'
D:/Proyectos/nVenn2/gh/topol.h:442: warning: Found unknown command '@p1'
D:/Proyectos/nVenn2/gh/topol.h:1493: warning: Found unknown command '@group'
D:/Proyectos/nVenn2/gh/topol.h:1494: warning: expected whitespace after \p command
D:/Proyectos/nVenn2/gh/topol.h:442: warning: Found unknown command '@p0'
D:/Proyectos/nVenn2/gh/topol.h:442: warning: Found unknown command '@p1'
D:/Proyectos/nVenn2/gh/topol.h:442: warning: Found unknown command '@p0'
D:/Proyectos/nVenn2/gh/topol.h:442: warning: Found unknown command '@p1'
D:/Proyectos/nVenn2/gh/topol.h:130: warning: argument '0' of command @param is not found in the argument list of toBin(int number, UINT nBits=0)
D:/Proyectos/nVenn2/gh/topol.h:130: warning: The following parameter of toBin(int number, UINT nBits=0) is not documented:
  parameter 'nBits'
D:/Proyectos/nVenn2/gh/topol.h:1493: warning: Found unknown command '@group'
D:/Proyectos/nVenn2/gh/topol.h:1494: warning: expected whitespace after \p command
D:/Proyectos/nVenn2/gh/topol.h:2338: warning: Found unknown command '@addLines'
D:/Proyectos/nVenn2/gh/topol.h:2248: warning: found documented return type for borderLine::addLines that does not return anything
D:/Proyectos/nVenn2/gh/topol.h:1493: warning: Found unknown command '@group'
D:/Proyectos/nVenn2/gh/topol.h:1494: warning: expected whitespace after \p command
D:/Proyectos/nVenn2/gh/topol.h:1960: warning: argument 'false' of command @param is not found in the argument list of borderLine::fixTopology(bool logit=false)
D:/Proyectos/nVenn2/gh/topol.h:1960: warning: The following parameter of borderLine::fixTopology(bool logit=false) is not documented:
  parameter 'logit'
D:/Proyectos/nVenn2/gh/topol.h:1960: warning: found documented return type for borderLine::fixTopology that does not return anything
D:/Proyectos/nVenn2/gh/topol.h:2104: warning: argument 'false' of command @param is not found in the argument list of borderLine::fTopology(bool logit=false)
D:/Proyectos/nVenn2/gh/topol.h:2104: warning: The following parameter of borderLine::fTopology(bool logit=false) is not documented:
  parameter 'logit'
D:/Proyectos/nVenn2/gh/topol.h:2104: warning: found documented return type for borderLine::fTopology that does not return anything
D:/Proyectos/nVenn2/gh/topol.h:2338: warning: Found unknown command '@addLines'
D:/Proyectos/nVenn2/gh/topol.h:2341: warning: found documented return type for borderLine::polishLines that does not return anything
D:/Proyectos/nVenn2/gh/topol.h:1594: warning: found documented return type for borderLine::randomizeCircles that does not return anything
D:/Proyectos/nVenn2/gh/topol.h:3718: warning: found documented return type for borderLine::setCoords that does not return anything
D:/Proyectos/nVenn2/gh/topol.h:3547: warning: found documented return type for borderLine::setRelationships that does not return anything
D:/Proyectos/nVenn2/gh/topol.h:2328: warning: argument 'true' of command @param is not found in the argument list of borderLine::surroundCircle(point p1, point p2, point c, bool onTheLeft=true)
D:/Proyectos/nVenn2/gh/topol.h:2328: warning: The following parameter of borderLine::surroundCircle(point p1, point p2, point c, bool onTheLeft=true) is not documented:
  parameter 'onTheLeft'
D:/Proyectos/nVenn2/gh/topol.h:355: warning: Found unknown command '@group'
D:/Proyectos/nVenn2/gh/topol.h:355: warning: Found unknown command '@group'
D:/Proyectos/nVenn2/gh/topol.h:357: warning: argument 'group' of command @param is not found in the argument list of groupIterator::nextInGroup(UINT n)
D:/Proyectos/nVenn2/gh/topol.h:357: warning: argument 'size' of command @param is not found in the argument list of groupIterator::nextInGroup(UINT n)
D:/Proyectos/nVenn2/gh/topol.h:360: warning: Found unknown command '@size'
D:/Proyectos/nVenn2/gh/topol.h:361: warning: Found unknown command '@group'
